<?xml version="1.0" encoding="UTF-8"?>
<coverage generated="1744556322799" clover="3.2.0">
  <project timestamp="1744556322799" name="All files">
    <metrics statements="58" coveredstatements="58" conditionals="48" coveredconditionals="48" methods="43" coveredmethods="43" elements="149" coveredelements="149" complexity="0" loc="58" ncloc="58" packages="1" files="1" classes="1"/>
    <file name="index.js" path="/Users/federicoghedina/node/crontabist/dist/index.js">
      <metrics statements="58" coveredstatements="58" conditionals="48" coveredconditionals="48" methods="43" coveredmethods="43"/>
      <line num="18" count="1" type="stmt"/>
      <line num="49" count="57" type="stmt"/>
      <line num="50" count="57" type="stmt"/>
      <line num="54" count="173" type="stmt"/>
      <line num="55" count="16" type="stmt"/>
      <line num="56" count="16" type="stmt"/>
      <line num="57" count="16" type="stmt"/>
      <line num="61" count="57" type="stmt"/>
      <line num="62" count="57" type="stmt"/>
      <line num="63" count="57" type="stmt"/>
      <line num="66" count="59" type="stmt"/>
      <line num="77" count="1" type="stmt"/>
      <line num="78" count="2" type="cond" truecount="1" falsecount="0"/>
      <line num="79" count="2" type="stmt"/>
      <line num="81" count="2" type="stmt"/>
      <line num="82" count="2" type="stmt"/>
      <line num="85" count="2" type="cond" truecount="2" falsecount="0"/>
      <line num="89" count="1" type="stmt"/>
      <line num="90" count="2" type="cond" truecount="1" falsecount="0"/>
      <line num="91" count="2" type="stmt"/>
      <line num="93" count="2" type="stmt"/>
      <line num="94" count="2" type="stmt"/>
      <line num="97" count="2" type="cond" truecount="2" falsecount="0"/>
      <line num="101" count="1" type="stmt"/>
      <line num="102" count="2" type="cond" truecount="1" falsecount="0"/>
      <line num="103" count="2" type="stmt"/>
      <line num="105" count="2" type="stmt"/>
      <line num="106" count="2" type="stmt"/>
      <line num="109" count="2" type="cond" truecount="2" falsecount="0"/>
      <line num="113" count="1" type="stmt"/>
      <line num="115" count="1" type="stmt"/>
      <line num="117" count="1" type="stmt"/>
      <line num="119" count="2" type="cond" truecount="2" falsecount="0"/>
      <line num="122" count="2" type="stmt"/>
      <line num="124" count="1" type="stmt"/>
      <line num="126" count="2" type="cond" truecount="2" falsecount="0"/>
      <line num="129" count="2" type="stmt"/>
      <line num="131" count="1" type="stmt"/>
      <line num="132" count="1" type="stmt"/>
      <line num="133" count="1" type="stmt"/>
      <line num="134" count="1" type="stmt"/>
      <line num="135" count="1" type="stmt"/>
      <line num="136" count="1" type="stmt"/>
      <line num="139" count="1" type="stmt"/>
      <line num="140" count="2" type="cond" truecount="1" falsecount="0"/>
      <line num="141" count="2" type="stmt"/>
      <line num="143" count="2" type="cond" truecount="2" falsecount="0"/>
      <line num="146" count="2" type="stmt"/>
      <line num="149" count="2" type="cond" truecount="2" falsecount="0"/>
      <line num="153" count="1" type="stmt"/>
      <line num="154" count="2" type="cond" truecount="1" falsecount="0"/>
      <line num="155" count="2" type="stmt"/>
      <line num="157" count="2" type="cond" truecount="2" falsecount="0"/>
      <line num="160" count="2" type="stmt"/>
      <line num="163" count="2" type="cond" truecount="2" falsecount="0"/>
      <line num="167" count="57" type="stmt"/>
      <line num="176" count="399" type="cond" truecount="2" falsecount="0"/>
      <line num="182" count="1" type="stmt"/>
    </file>
  </project>
</coverage>
