{"/Users/federicoghedina/node/crontabist/dist/index.js": {"path":"/Users/federicoghedina/node/crontabist/dist/index.js","statementMap":{"0":{"start":{"line":18,"column":17},"end":{"line":26,"column":1}},"1":{"start":{"line":49,"column":8},"end":{"line":49,"column":41}},"2":{"start":{"line":50,"column":8},"end":{"line":50,"column":51}},"3":{"start":{"line":54,"column":8},"end":{"line":58,"column":9}},"4":{"start":{"line":55,"column":24},"end":{"line":55,"column":45}},"5":{"start":{"line":56,"column":12},"end":{"line":56,"column":42}},"6":{"start":{"line":56,"column":30},"end":{"line":56,"column":42}},"7":{"start":{"line":57,"column":12},"end":{"line":57,"column":24}},"8":{"start":{"line":61,"column":14},"end":{"line":61,"column":38}},"9":{"start":{"line":62,"column":14},"end":{"line":62,"column":38}},"10":{"start":{"line":63,"column":14},"end":{"line":63,"column":38}},"11":{"start":{"line":66,"column":8},"end":{"line":74,"column":9}},"12":{"start":{"line":77,"column":20},"end":{"line":77,"column":40}},"13":{"start":{"line":78,"column":39},"end":{"line":78,"column":75}},"14":{"start":{"line":79,"column":18},"end":{"line":79,"column":34}},"15":{"start":{"line":81,"column":22},"end":{"line":81,"column":48}},"16":{"start":{"line":82,"column":8},"end":{"line":82,"column":51}},"17":{"start":{"line":85,"column":8},"end":{"line":85,"column":67}},"18":{"start":{"line":89,"column":20},"end":{"line":89,"column":40}},"19":{"start":{"line":90,"column":39},"end":{"line":90,"column":75}},"20":{"start":{"line":91,"column":18},"end":{"line":91,"column":34}},"21":{"start":{"line":93,"column":22},"end":{"line":93,"column":48}},"22":{"start":{"line":94,"column":8},"end":{"line":94,"column":51}},"23":{"start":{"line":97,"column":8},"end":{"line":97,"column":68}},"24":{"start":{"line":101,"column":18},"end":{"line":101,"column":38}},"25":{"start":{"line":102,"column":37},"end":{"line":102,"column":73}},"26":{"start":{"line":103,"column":16},"end":{"line":103,"column":32}},"27":{"start":{"line":105,"column":22},"end":{"line":105,"column":48}},"28":{"start":{"line":106,"column":8},"end":{"line":106,"column":51}},"29":{"start":{"line":109,"column":8},"end":{"line":109,"column":67}},"30":{"start":{"line":113,"column":15},"end":{"line":113,"column":37}},"31":{"start":{"line":115,"column":8},"end":{"line":115,"column":48}},"32":{"start":{"line":117,"column":24},"end":{"line":117,"column":55}},"33":{"start":{"line":119,"column":22},"end":{"line":121,"column":42}},"34":{"start":{"line":122,"column":8},"end":{"line":122,"column":63}},"35":{"start":{"line":124,"column":24},"end":{"line":124,"column":52}},"36":{"start":{"line":126,"column":22},"end":{"line":128,"column":42}},"37":{"start":{"line":129,"column":8},"end":{"line":129,"column":65}},"38":{"start":{"line":131,"column":24},"end":{"line":131,"column":57}},"39":{"start":{"line":132,"column":28},"end":{"line":132,"column":62}},"40":{"start":{"line":133,"column":30},"end":{"line":133,"column":67}},"41":{"start":{"line":134,"column":41},"end":{"line":134,"column":78}},"42":{"start":{"line":135,"column":45},"end":{"line":135,"column":81}},"43":{"start":{"line":136,"column":38},"end":{"line":136,"column":79}},"44":{"start":{"line":139,"column":19},"end":{"line":139,"column":39}},"45":{"start":{"line":140,"column":38},"end":{"line":140,"column":74}},"46":{"start":{"line":141,"column":17},"end":{"line":141,"column":33}},"47":{"start":{"line":143,"column":22},"end":{"line":145,"column":40}},"48":{"start":{"line":146,"column":8},"end":{"line":146,"column":51}},"49":{"start":{"line":149,"column":8},"end":{"line":149,"column":68}},"50":{"start":{"line":153,"column":18},"end":{"line":153,"column":38}},"51":{"start":{"line":154,"column":37},"end":{"line":154,"column":73}},"52":{"start":{"line":155,"column":16},"end":{"line":155,"column":32}},"53":{"start":{"line":157,"column":22},"end":{"line":159,"column":40}},"54":{"start":{"line":160,"column":8},"end":{"line":160,"column":51}},"55":{"start":{"line":163,"column":8},"end":{"line":163,"column":68}},"56":{"start":{"line":167,"column":8},"end":{"line":177,"column":22}},"57":{"start":{"line":176,"column":25},"end":{"line":176,"column":54}},"58":{"start":{"line":182,"column":0},"end":{"line":182,"column":29}}},"fnMap":{"0":{"name":"(anonymous_0)","decl":{"start":{"line":40,"column":4},"end":{"line":40,"column":5}},"loc":{"start":{"line":48,"column":12},"end":{"line":51,"column":5}},"line":48},"1":{"name":"(anonymous_1)","decl":{"start":{"line":53,"column":4},"end":{"line":53,"column":5}},"loc":{"start":{"line":53,"column":26},"end":{"line":59,"column":5}},"line":53},"2":{"name":"(anonymous_2)","decl":{"start":{"line":54,"column":15},"end":{"line":54,"column":16}},"loc":{"start":{"line":54,"column":20},"end":{"line":58,"column":9}},"line":54},"3":{"name":"(anonymous_3)","decl":{"start":{"line":65,"column":4},"end":{"line":65,"column":5}},"loc":{"start":{"line":65,"column":38},"end":{"line":75,"column":5}},"line":65},"4":{"name":"(anonymous_4)","decl":{"start":{"line":77,"column":4},"end":{"line":77,"column":5}},"loc":{"start":{"line":77,"column":18},"end":{"line":77,"column":42}},"line":77},"5":{"name":"(anonymous_5)","decl":{"start":{"line":78,"column":4},"end":{"line":78,"column":5}},"loc":{"start":{"line":78,"column":37},"end":{"line":78,"column":77}},"line":78},"6":{"name":"(anonymous_6)","decl":{"start":{"line":79,"column":4},"end":{"line":79,"column":5}},"loc":{"start":{"line":79,"column":16},"end":{"line":79,"column":36}},"line":79},"7":{"name":"(anonymous_7)","decl":{"start":{"line":80,"column":4},"end":{"line":80,"column":5}},"loc":{"start":{"line":80,"column":19},"end":{"line":83,"column":5}},"line":80},"8":{"name":"(anonymous_8)","decl":{"start":{"line":84,"column":4},"end":{"line":84,"column":5}},"loc":{"start":{"line":84,"column":36},"end":{"line":86,"column":5}},"line":84},"9":{"name":"(anonymous_9)","decl":{"start":{"line":89,"column":4},"end":{"line":89,"column":5}},"loc":{"start":{"line":89,"column":18},"end":{"line":89,"column":42}},"line":89},"10":{"name":"(anonymous_10)","decl":{"start":{"line":90,"column":4},"end":{"line":90,"column":5}},"loc":{"start":{"line":90,"column":37},"end":{"line":90,"column":77}},"line":90},"11":{"name":"(anonymous_11)","decl":{"start":{"line":91,"column":4},"end":{"line":91,"column":5}},"loc":{"start":{"line":91,"column":16},"end":{"line":91,"column":36}},"line":91},"12":{"name":"(anonymous_12)","decl":{"start":{"line":92,"column":4},"end":{"line":92,"column":5}},"loc":{"start":{"line":92,"column":19},"end":{"line":95,"column":5}},"line":92},"13":{"name":"(anonymous_13)","decl":{"start":{"line":96,"column":4},"end":{"line":96,"column":5}},"loc":{"start":{"line":96,"column":36},"end":{"line":98,"column":5}},"line":96},"14":{"name":"(anonymous_14)","decl":{"start":{"line":101,"column":4},"end":{"line":101,"column":5}},"loc":{"start":{"line":101,"column":16},"end":{"line":101,"column":40}},"line":101},"15":{"name":"(anonymous_15)","decl":{"start":{"line":102,"column":4},"end":{"line":102,"column":5}},"loc":{"start":{"line":102,"column":35},"end":{"line":102,"column":75}},"line":102},"16":{"name":"(anonymous_16)","decl":{"start":{"line":103,"column":4},"end":{"line":103,"column":5}},"loc":{"start":{"line":103,"column":14},"end":{"line":103,"column":34}},"line":103},"17":{"name":"(anonymous_17)","decl":{"start":{"line":104,"column":4},"end":{"line":104,"column":5}},"loc":{"start":{"line":104,"column":17},"end":{"line":107,"column":5}},"line":104},"18":{"name":"(anonymous_18)","decl":{"start":{"line":108,"column":4},"end":{"line":108,"column":5}},"loc":{"start":{"line":108,"column":34},"end":{"line":110,"column":5}},"line":108},"19":{"name":"(anonymous_19)","decl":{"start":{"line":113,"column":4},"end":{"line":113,"column":5}},"loc":{"start":{"line":113,"column":14},"end":{"line":113,"column":38}},"line":113},"20":{"name":"(anonymous_20)","decl":{"start":{"line":114,"column":4},"end":{"line":114,"column":5}},"loc":{"start":{"line":114,"column":35},"end":{"line":116,"column":5}},"line":114},"21":{"name":"(anonymous_21)","decl":{"start":{"line":117,"column":4},"end":{"line":117,"column":5}},"loc":{"start":{"line":117,"column":22},"end":{"line":117,"column":57}},"line":117},"22":{"name":"(anonymous_22)","decl":{"start":{"line":118,"column":4},"end":{"line":118,"column":5}},"loc":{"start":{"line":118,"column":25},"end":{"line":123,"column":5}},"line":118},"23":{"name":"(anonymous_23)","decl":{"start":{"line":124,"column":4},"end":{"line":124,"column":5}},"loc":{"start":{"line":124,"column":22},"end":{"line":124,"column":54}},"line":124},"24":{"name":"(anonymous_24)","decl":{"start":{"line":125,"column":4},"end":{"line":125,"column":5}},"loc":{"start":{"line":125,"column":25},"end":{"line":130,"column":5}},"line":125},"25":{"name":"(anonymous_25)","decl":{"start":{"line":131,"column":4},"end":{"line":131,"column":5}},"loc":{"start":{"line":131,"column":22},"end":{"line":131,"column":59}},"line":131},"26":{"name":"(anonymous_26)","decl":{"start":{"line":132,"column":4},"end":{"line":132,"column":5}},"loc":{"start":{"line":132,"column":26},"end":{"line":132,"column":64}},"line":132},"27":{"name":"(anonymous_27)","decl":{"start":{"line":133,"column":4},"end":{"line":133,"column":5}},"loc":{"start":{"line":133,"column":28},"end":{"line":133,"column":69}},"line":133},"28":{"name":"(anonymous_28)","decl":{"start":{"line":134,"column":4},"end":{"line":134,"column":5}},"loc":{"start":{"line":134,"column":39},"end":{"line":134,"column":80}},"line":134},"29":{"name":"(anonymous_29)","decl":{"start":{"line":135,"column":4},"end":{"line":135,"column":5}},"loc":{"start":{"line":135,"column":43},"end":{"line":135,"column":83}},"line":135},"30":{"name":"(anonymous_30)","decl":{"start":{"line":136,"column":4},"end":{"line":136,"column":5}},"loc":{"start":{"line":136,"column":36},"end":{"line":136,"column":81}},"line":136},"31":{"name":"(anonymous_31)","decl":{"start":{"line":139,"column":4},"end":{"line":139,"column":5}},"loc":{"start":{"line":139,"column":17},"end":{"line":139,"column":41}},"line":139},"32":{"name":"(anonymous_32)","decl":{"start":{"line":140,"column":4},"end":{"line":140,"column":5}},"loc":{"start":{"line":140,"column":36},"end":{"line":140,"column":76}},"line":140},"33":{"name":"(anonymous_33)","decl":{"start":{"line":141,"column":4},"end":{"line":141,"column":5}},"loc":{"start":{"line":141,"column":15},"end":{"line":141,"column":35}},"line":141},"34":{"name":"(anonymous_34)","decl":{"start":{"line":142,"column":4},"end":{"line":142,"column":5}},"loc":{"start":{"line":142,"column":18},"end":{"line":147,"column":5}},"line":142},"35":{"name":"(anonymous_35)","decl":{"start":{"line":148,"column":4},"end":{"line":148,"column":5}},"loc":{"start":{"line":148,"column":35},"end":{"line":150,"column":5}},"line":148},"36":{"name":"(anonymous_36)","decl":{"start":{"line":153,"column":4},"end":{"line":153,"column":5}},"loc":{"start":{"line":153,"column":16},"end":{"line":153,"column":40}},"line":153},"37":{"name":"(anonymous_37)","decl":{"start":{"line":154,"column":4},"end":{"line":154,"column":5}},"loc":{"start":{"line":154,"column":35},"end":{"line":154,"column":75}},"line":154},"38":{"name":"(anonymous_38)","decl":{"start":{"line":155,"column":4},"end":{"line":155,"column":5}},"loc":{"start":{"line":155,"column":14},"end":{"line":155,"column":34}},"line":155},"39":{"name":"(anonymous_39)","decl":{"start":{"line":156,"column":4},"end":{"line":156,"column":5}},"loc":{"start":{"line":156,"column":17},"end":{"line":161,"column":5}},"line":156},"40":{"name":"(anonymous_40)","decl":{"start":{"line":162,"column":4},"end":{"line":162,"column":5}},"loc":{"start":{"line":162,"column":41},"end":{"line":164,"column":5}},"line":162},"41":{"name":"(anonymous_41)","decl":{"start":{"line":166,"column":4},"end":{"line":166,"column":5}},"loc":{"start":{"line":166,"column":10},"end":{"line":178,"column":5}},"line":166},"42":{"name":"(anonymous_42)","decl":{"start":{"line":176,"column":20},"end":{"line":176,"column":21}},"loc":{"start":{"line":176,"column":25},"end":{"line":176,"column":54}},"line":176}},"branchMap":{"0":{"loc":{"start":{"line":40,"column":16},"end":{"line":48,"column":10}},"type":"default-arg","locations":[{"start":{"line":48,"column":8},"end":{"line":48,"column":10}}],"line":40},"1":{"loc":{"start":{"line":41,"column":8},"end":{"line":41,"column":22}},"type":"default-arg","locations":[{"start":{"line":41,"column":12},"end":{"line":41,"column":22}}],"line":41},"2":{"loc":{"start":{"line":42,"column":8},"end":{"line":42,"column":22}},"type":"default-arg","locations":[{"start":{"line":42,"column":12},"end":{"line":42,"column":22}}],"line":42},"3":{"loc":{"start":{"line":43,"column":8},"end":{"line":43,"column":22}},"type":"default-arg","locations":[{"start":{"line":43,"column":12},"end":{"line":43,"column":22}}],"line":43},"4":{"loc":{"start":{"line":44,"column":8},"end":{"line":44,"column":26}},"type":"default-arg","locations":[{"start":{"line":44,"column":14},"end":{"line":44,"column":26}}],"line":44},"5":{"loc":{"start":{"line":45,"column":8},"end":{"line":45,"column":26}},"type":"default-arg","locations":[{"start":{"line":45,"column":14},"end":{"line":45,"column":26}}],"line":45},"6":{"loc":{"start":{"line":46,"column":8},"end":{"line":46,"column":22}},"type":"default-arg","locations":[{"start":{"line":46,"column":12},"end":{"line":46,"column":22}}],"line":46},"7":{"loc":{"start":{"line":47,"column":8},"end":{"line":47,"column":22}},"type":"default-arg","locations":[{"start":{"line":47,"column":12},"end":{"line":47,"column":22}}],"line":47},"8":{"loc":{"start":{"line":67,"column":15},"end":{"line":67,"column":35}},"type":"binary-expr","locations":[{"start":{"line":67,"column":15},"end":{"line":67,"column":16}},{"start":{"line":67,"column":20},"end":{"line":67,"column":35}}],"line":67},"9":{"loc":{"start":{"line":68,"column":15},"end":{"line":68,"column":35}},"type":"binary-expr","locations":[{"start":{"line":68,"column":15},"end":{"line":68,"column":16}},{"start":{"line":68,"column":20},"end":{"line":68,"column":35}}],"line":68},"10":{"loc":{"start":{"line":69,"column":15},"end":{"line":69,"column":35}},"type":"binary-expr","locations":[{"start":{"line":69,"column":15},"end":{"line":69,"column":16}},{"start":{"line":69,"column":20},"end":{"line":69,"column":35}}],"line":69},"11":{"loc":{"start":{"line":70,"column":17},"end":{"line":70,"column":41}},"type":"binary-expr","locations":[{"start":{"line":70,"column":17},"end":{"line":70,"column":20}},{"start":{"line":70,"column":24},"end":{"line":70,"column":41}}],"line":70},"12":{"loc":{"start":{"line":71,"column":15},"end":{"line":71,"column":35}},"type":"binary-expr","locations":[{"start":{"line":71,"column":15},"end":{"line":71,"column":16}},{"start":{"line":71,"column":20},"end":{"line":71,"column":35}}],"line":71},"13":{"loc":{"start":{"line":72,"column":17},"end":{"line":72,"column":41}},"type":"binary-expr","locations":[{"start":{"line":72,"column":17},"end":{"line":72,"column":20}},{"start":{"line":72,"column":24},"end":{"line":72,"column":41}}],"line":72},"14":{"loc":{"start":{"line":73,"column":15},"end":{"line":73,"column":35}},"type":"binary-expr","locations":[{"start":{"line":73,"column":15},"end":{"line":73,"column":16}},{"start":{"line":73,"column":20},"end":{"line":73,"column":35}}],"line":73},"15":{"loc":{"start":{"line":78,"column":25},"end":{"line":78,"column":34}},"type":"default-arg","locations":[{"start":{"line":78,"column":33},"end":{"line":78,"column":34}}],"line":78},"16":{"loc":{"start":{"line":85,"column":39},"end":{"line":85,"column":62}},"type":"cond-expr","locations":[{"start":{"line":85,"column":47},"end":{"line":85,"column":58}},{"start":{"line":85,"column":60},"end":{"line":85,"column":62}}],"line":85},"17":{"loc":{"start":{"line":90,"column":25},"end":{"line":90,"column":34}},"type":"default-arg","locations":[{"start":{"line":90,"column":33},"end":{"line":90,"column":34}}],"line":90},"18":{"loc":{"start":{"line":97,"column":39},"end":{"line":97,"column":63}},"type":"cond-expr","locations":[{"start":{"line":97,"column":47},"end":{"line":97,"column":58}},{"start":{"line":97,"column":61},"end":{"line":97,"column":63}}],"line":97},"19":{"loc":{"start":{"line":102,"column":23},"end":{"line":102,"column":32}},"type":"default-arg","locations":[{"start":{"line":102,"column":31},"end":{"line":102,"column":32}}],"line":102},"20":{"loc":{"start":{"line":109,"column":39},"end":{"line":109,"column":62}},"type":"cond-expr","locations":[{"start":{"line":109,"column":47},"end":{"line":109,"column":58}},{"start":{"line":109,"column":60},"end":{"line":109,"column":62}}],"line":109},"21":{"loc":{"start":{"line":119,"column":22},"end":{"line":121,"column":42}},"type":"cond-expr","locations":[{"start":{"line":120,"column":14},"end":{"line":120,"column":16}},{"start":{"line":121,"column":14},"end":{"line":121,"column":42}}],"line":119},"22":{"loc":{"start":{"line":126,"column":22},"end":{"line":128,"column":42}},"type":"cond-expr","locations":[{"start":{"line":127,"column":14},"end":{"line":127,"column":16}},{"start":{"line":128,"column":14},"end":{"line":128,"column":42}}],"line":126},"23":{"loc":{"start":{"line":140,"column":24},"end":{"line":140,"column":33}},"type":"default-arg","locations":[{"start":{"line":140,"column":32},"end":{"line":140,"column":33}}],"line":140},"24":{"loc":{"start":{"line":143,"column":22},"end":{"line":145,"column":40}},"type":"cond-expr","locations":[{"start":{"line":144,"column":14},"end":{"line":144,"column":16}},{"start":{"line":145,"column":14},"end":{"line":145,"column":40}}],"line":143},"25":{"loc":{"start":{"line":149,"column":39},"end":{"line":149,"column":63}},"type":"cond-expr","locations":[{"start":{"line":149,"column":47},"end":{"line":149,"column":58}},{"start":{"line":149,"column":61},"end":{"line":149,"column":63}}],"line":149},"26":{"loc":{"start":{"line":154,"column":23},"end":{"line":154,"column":32}},"type":"default-arg","locations":[{"start":{"line":154,"column":31},"end":{"line":154,"column":32}}],"line":154},"27":{"loc":{"start":{"line":157,"column":22},"end":{"line":159,"column":40}},"type":"cond-expr","locations":[{"start":{"line":158,"column":14},"end":{"line":158,"column":16}},{"start":{"line":159,"column":14},"end":{"line":159,"column":40}}],"line":157},"28":{"loc":{"start":{"line":162,"column":27},"end":{"line":162,"column":39}},"type":"default-arg","locations":[{"start":{"line":162,"column":35},"end":{"line":162,"column":39}}],"line":162},"29":{"loc":{"start":{"line":163,"column":39},"end":{"line":163,"column":63}},"type":"cond-expr","locations":[{"start":{"line":163,"column":47},"end":{"line":163,"column":58}},{"start":{"line":163,"column":61},"end":{"line":163,"column":63}}],"line":163},"30":{"loc":{"start":{"line":176,"column":25},"end":{"line":176,"column":54}},"type":"binary-expr","locations":[{"start":{"line":176,"column":25},"end":{"line":176,"column":40}},{"start":{"line":176,"column":44},"end":{"line":176,"column":54}}],"line":176}},"s":{"0":1,"1":57,"2":57,"3":173,"4":16,"5":16,"6":2,"7":16,"8":57,"9":57,"10":57,"11":59,"12":1,"13":2,"14":2,"15":2,"16":2,"17":2,"18":1,"19":2,"20":2,"21":2,"22":2,"23":2,"24":1,"25":2,"26":2,"27":2,"28":2,"29":2,"30":1,"31":1,"32":1,"33":2,"34":2,"35":1,"36":2,"37":2,"38":1,"39":1,"40":1,"41":1,"42":1,"43":1,"44":1,"45":2,"46":2,"47":2,"48":2,"49":2,"50":1,"51":2,"52":2,"53":2,"54":2,"55":2,"56":57,"57":399,"58":1},"f":{"0":57,"1":173,"2":16,"3":59,"4":1,"5":2,"6":2,"7":2,"8":2,"9":1,"10":2,"11":2,"12":2,"13":2,"14":1,"15":2,"16":2,"17":2,"18":2,"19":1,"20":1,"21":1,"22":2,"23":1,"24":2,"25":1,"26":1,"27":1,"28":1,"29":1,"30":1,"31":1,"32":2,"33":2,"34":2,"35":2,"36":1,"37":2,"38":2,"39":2,"40":2,"41":57,"42":399},"b":{"0":[53],"1":[56],"2":[56],"3":[56],"4":[56],"5":[57],"6":[54],"7":[56],"8":[59,50],"9":[59,50],"10":[59,50],"11":[59,45],"12":[59,50],"13":[59,46],"14":[59,50],"15":[1],"16":[1,1],"17":[1],"18":[1,1],"19":[1],"20":[1,1],"21":[1,1],"22":[1,1],"23":[1],"24":[1,1],"25":[1,1],"26":[1],"27":[1,1],"28":[1],"29":[1,1],"30":[399,399]},"_coverageSchema":"1a1c01bbd47fc00a2c39e90264f33305004495a9","hash":"5aa336589cb580aa5efdf534cc0273568a4a390b"}
}
