TN:
SF:dist/index.js
FN:40,(anonymous_0)
FN:53,(anonymous_1)
FN:54,(anonymous_2)
FN:65,(anonymous_3)
FN:77,(anonymous_4)
FN:78,(anonymous_5)
FN:79,(anonymous_6)
FN:80,(anonymous_7)
FN:84,(anonymous_8)
FN:89,(anonymous_9)
FN:90,(anonymous_10)
FN:91,(anonymous_11)
FN:92,(anonymous_12)
FN:96,(anonymous_13)
FN:101,(anonymous_14)
FN:102,(anonymous_15)
FN:103,(anonymous_16)
FN:104,(anonymous_17)
FN:108,(anonymous_18)
FN:113,(anonymous_19)
FN:114,(anonymous_20)
FN:117,(anonymous_21)
FN:118,(anonymous_22)
FN:124,(anonymous_23)
FN:125,(anonymous_24)
FN:131,(anonymous_25)
FN:132,(anonymous_26)
FN:133,(anonymous_27)
FN:134,(anonymous_28)
FN:135,(anonymous_29)
FN:136,(anonymous_30)
FN:139,(anonymous_31)
FN:140,(anonymous_32)
FN:141,(anonymous_33)
FN:142,(anonymous_34)
FN:148,(anonymous_35)
FN:153,(anonymous_36)
FN:154,(anonymous_37)
FN:155,(anonymous_38)
FN:156,(anonymous_39)
FN:162,(anonymous_40)
FN:166,(anonymous_41)
FN:176,(anonymous_42)
FNF:43
FNH:43
FNDA:57,(anonymous_0)
FNDA:173,(anonymous_1)
FNDA:16,(anonymous_2)
FNDA:59,(anonymous_3)
FNDA:1,(anonymous_4)
FNDA:2,(anonymous_5)
FNDA:2,(anonymous_6)
FNDA:2,(anonymous_7)
FNDA:2,(anonymous_8)
FNDA:1,(anonymous_9)
FNDA:2,(anonymous_10)
FNDA:2,(anonymous_11)
FNDA:2,(anonymous_12)
FNDA:2,(anonymous_13)
FNDA:1,(anonymous_14)
FNDA:2,(anonymous_15)
FNDA:2,(anonymous_16)
FNDA:2,(anonymous_17)
FNDA:2,(anonymous_18)
FNDA:1,(anonymous_19)
FNDA:1,(anonymous_20)
FNDA:1,(anonymous_21)
FNDA:2,(anonymous_22)
FNDA:1,(anonymous_23)
FNDA:2,(anonymous_24)
FNDA:1,(anonymous_25)
FNDA:1,(anonymous_26)
FNDA:1,(anonymous_27)
FNDA:1,(anonymous_28)
FNDA:1,(anonymous_29)
FNDA:1,(anonymous_30)
FNDA:1,(anonymous_31)
FNDA:2,(anonymous_32)
FNDA:2,(anonymous_33)
FNDA:2,(anonymous_34)
FNDA:2,(anonymous_35)
FNDA:1,(anonymous_36)
FNDA:2,(anonymous_37)
FNDA:2,(anonymous_38)
FNDA:2,(anonymous_39)
FNDA:2,(anonymous_40)
FNDA:57,(anonymous_41)
FNDA:399,(anonymous_42)
DA:18,1
DA:49,57
DA:50,57
DA:54,173
DA:55,16
DA:56,16
DA:57,16
DA:61,57
DA:62,57
DA:63,57
DA:66,59
DA:77,1
DA:78,2
DA:79,2
DA:81,2
DA:82,2
DA:85,2
DA:89,1
DA:90,2
DA:91,2
DA:93,2
DA:94,2
DA:97,2
DA:101,1
DA:102,2
DA:103,2
DA:105,2
DA:106,2
DA:109,2
DA:113,1
DA:115,1
DA:117,1
DA:119,2
DA:122,2
DA:124,1
DA:126,2
DA:129,2
DA:131,1
DA:132,1
DA:133,1
DA:134,1
DA:135,1
DA:136,1
DA:139,1
DA:140,2
DA:141,2
DA:143,2
DA:146,2
DA:149,2
DA:153,1
DA:154,2
DA:155,2
DA:157,2
DA:160,2
DA:163,2
DA:167,57
DA:176,399
DA:182,1
LF:58
LH:58
BRDA:40,0,0,53
BRDA:41,1,0,56
BRDA:42,2,0,56
BRDA:43,3,0,56
BRDA:44,4,0,56
BRDA:45,5,0,57
BRDA:46,6,0,54
BRDA:47,7,0,56
BRDA:67,8,0,59
BRDA:67,8,1,50
BRDA:68,9,0,59
BRDA:68,9,1,50
BRDA:69,10,0,59
BRDA:69,10,1,50
BRDA:70,11,0,59
BRDA:70,11,1,45
BRDA:71,12,0,59
BRDA:71,12,1,50
BRDA:72,13,0,59
BRDA:72,13,1,46
BRDA:73,14,0,59
BRDA:73,14,1,50
BRDA:78,15,0,1
BRDA:85,16,0,1
BRDA:85,16,1,1
BRDA:90,17,0,1
BRDA:97,18,0,1
BRDA:97,18,1,1
BRDA:102,19,0,1
BRDA:109,20,0,1
BRDA:109,20,1,1
BRDA:119,21,0,1
BRDA:119,21,1,1
BRDA:126,22,0,1
BRDA:126,22,1,1
BRDA:140,23,0,1
BRDA:143,24,0,1
BRDA:143,24,1,1
BRDA:149,25,0,1
BRDA:149,25,1,1
BRDA:154,26,0,1
BRDA:157,27,0,1
BRDA:157,27,1,1
BRDA:162,28,0,1
BRDA:163,29,0,1
BRDA:163,29,1,1
BRDA:176,30,0,399
BRDA:176,30,1,399
BRF:48
BRH:48
end_of_record
