<?xml version="1.0" encoding="UTF-8"?>
<coverage generated="1744555406959" clover="3.2.0">
  <project timestamp="1744555406959" name="All files">
    <metrics statements="58" coveredstatements="55" conditionals="48" coveredconditionals="48" methods="43" coveredmethods="42" elements="149" coveredelements="145" complexity="0" loc="58" ncloc="58" packages="1" files="1" classes="1"/>
    <file name="index.js" path="/Users/federicoghedina/node/crontabist/dist/index.js">
      <metrics statements="58" coveredstatements="55" conditionals="48" coveredconditionals="48" methods="43" coveredmethods="42"/>
      <line num="18" count="1" type="stmt"/>
      <line num="49" count="57" type="stmt"/>
      <line num="50" count="57" type="stmt"/>
      <line num="54" count="171" type="stmt"/>
      <line num="55" count="0" type="stmt"/>
      <line num="56" count="0" type="stmt"/>
      <line num="57" count="0" type="stmt"/>
      <line num="61" count="57" type="stmt"/>
      <line num="62" count="57" type="stmt"/>
      <line num="63" count="57" type="stmt"/>
      <line num="66" count="59" type="stmt"/>
      <line num="79" count="1" type="stmt"/>
      <line num="80" count="2" type="cond" truecount="1" falsecount="0"/>
      <line num="81" count="2" type="stmt"/>
      <line num="83" count="2" type="stmt"/>
      <line num="84" count="2" type="stmt"/>
      <line num="87" count="2" type="cond" truecount="2" falsecount="0"/>
      <line num="95" count="1" type="stmt"/>
      <line num="96" count="2" type="cond" truecount="1" falsecount="0"/>
      <line num="97" count="2" type="stmt"/>
      <line num="99" count="2" type="stmt"/>
      <line num="100" count="2" type="stmt"/>
      <line num="103" count="2" type="cond" truecount="2" falsecount="0"/>
      <line num="111" count="1" type="stmt"/>
      <line num="112" count="2" type="cond" truecount="1" falsecount="0"/>
      <line num="113" count="2" type="stmt"/>
      <line num="115" count="2" type="stmt"/>
      <line num="116" count="2" type="stmt"/>
      <line num="119" count="2" type="cond" truecount="2" falsecount="0"/>
      <line num="127" count="1" type="stmt"/>
      <line num="129" count="1" type="stmt"/>
      <line num="131" count="1" type="stmt"/>
      <line num="133" count="2" type="cond" truecount="2" falsecount="0"/>
      <line num="136" count="2" type="stmt"/>
      <line num="139" count="1" type="stmt"/>
      <line num="142" count="2" type="cond" truecount="2" falsecount="0"/>
      <line num="145" count="2" type="stmt"/>
      <line num="148" count="1" type="stmt"/>
      <line num="151" count="1" type="stmt"/>
      <line num="154" count="1" type="stmt"/>
      <line num="157" count="1" type="stmt"/>
      <line num="160" count="1" type="stmt"/>
      <line num="163" count="1" type="stmt"/>
      <line num="171" count="1" type="stmt"/>
      <line num="172" count="2" type="cond" truecount="1" falsecount="0"/>
      <line num="173" count="2" type="stmt"/>
      <line num="175" count="2" type="cond" truecount="2" falsecount="0"/>
      <line num="178" count="2" type="stmt"/>
      <line num="181" count="2" type="cond" truecount="2" falsecount="0"/>
      <line num="189" count="1" type="stmt"/>
      <line num="190" count="2" type="cond" truecount="1" falsecount="0"/>
      <line num="191" count="2" type="stmt"/>
      <line num="193" count="2" type="cond" truecount="2" falsecount="0"/>
      <line num="196" count="2" type="stmt"/>
      <line num="199" count="2" type="cond" truecount="2" falsecount="0"/>
      <line num="207" count="57" type="stmt"/>
      <line num="216" count="399" type="cond" truecount="2" falsecount="0"/>
      <line num="222" count="1" type="stmt"/>
    </file>
  </project>
</coverage>
