TN:
SF:dist/index.js
FN:40,(anonymous_0)
FN:53,(anonymous_1)
FN:54,(anonymous_2)
FN:65,(anonymous_3)
FN:79,(anonymous_4)
FN:80,(anonymous_5)
FN:81,(anonymous_6)
FN:82,(anonymous_7)
FN:86,(anonymous_8)
FN:95,(anonymous_9)
FN:96,(anonymous_10)
FN:97,(anonymous_11)
FN:98,(anonymous_12)
FN:102,(anonymous_13)
FN:111,(anonymous_14)
FN:112,(anonymous_15)
FN:113,(anonymous_16)
FN:114,(anonymous_17)
FN:118,(anonymous_18)
FN:127,(anonymous_19)
FN:128,(anonymous_20)
FN:131,(anonymous_21)
FN:132,(anonymous_22)
FN:138,(anonymous_23)
FN:141,(anonymous_24)
FN:147,(anonymous_25)
FN:150,(anonymous_26)
FN:153,(anonymous_27)
FN:156,(anonymous_28)
FN:159,(anonymous_29)
FN:162,(anonymous_30)
FN:171,(anonymous_31)
FN:172,(anonymous_32)
FN:173,(anonymous_33)
FN:174,(anonymous_34)
FN:180,(anonymous_35)
FN:189,(anonymous_36)
FN:190,(anonymous_37)
FN:191,(anonymous_38)
FN:192,(anonymous_39)
FN:198,(anonymous_40)
FN:206,(anonymous_41)
FN:216,(anonymous_42)
FNF:43
FNH:42
FNDA:57,(anonymous_0)
FNDA:171,(anonymous_1)
FNDA:0,(anonymous_2)
FNDA:59,(anonymous_3)
FNDA:1,(anonymous_4)
FNDA:2,(anonymous_5)
FNDA:2,(anonymous_6)
FNDA:2,(anonymous_7)
FNDA:2,(anonymous_8)
FNDA:1,(anonymous_9)
FNDA:2,(anonymous_10)
FNDA:2,(anonymous_11)
FNDA:2,(anonymous_12)
FNDA:2,(anonymous_13)
FNDA:1,(anonymous_14)
FNDA:2,(anonymous_15)
FNDA:2,(anonymous_16)
FNDA:2,(anonymous_17)
FNDA:2,(anonymous_18)
FNDA:1,(anonymous_19)
FNDA:1,(anonymous_20)
FNDA:1,(anonymous_21)
FNDA:2,(anonymous_22)
FNDA:1,(anonymous_23)
FNDA:2,(anonymous_24)
FNDA:1,(anonymous_25)
FNDA:1,(anonymous_26)
FNDA:1,(anonymous_27)
FNDA:1,(anonymous_28)
FNDA:1,(anonymous_29)
FNDA:1,(anonymous_30)
FNDA:1,(anonymous_31)
FNDA:2,(anonymous_32)
FNDA:2,(anonymous_33)
FNDA:2,(anonymous_34)
FNDA:2,(anonymous_35)
FNDA:1,(anonymous_36)
FNDA:2,(anonymous_37)
FNDA:2,(anonymous_38)
FNDA:2,(anonymous_39)
FNDA:2,(anonymous_40)
FNDA:57,(anonymous_41)
FNDA:399,(anonymous_42)
DA:18,1
DA:49,57
DA:50,57
DA:54,171
DA:55,0
DA:56,0
DA:57,0
DA:61,57
DA:62,57
DA:63,57
DA:66,59
DA:79,1
DA:80,2
DA:81,2
DA:83,2
DA:84,2
DA:87,2
DA:95,1
DA:96,2
DA:97,2
DA:99,2
DA:100,2
DA:103,2
DA:111,1
DA:112,2
DA:113,2
DA:115,2
DA:116,2
DA:119,2
DA:127,1
DA:129,1
DA:131,1
DA:133,2
DA:136,2
DA:139,1
DA:142,2
DA:145,2
DA:148,1
DA:151,1
DA:154,1
DA:157,1
DA:160,1
DA:163,1
DA:171,1
DA:172,2
DA:173,2
DA:175,2
DA:178,2
DA:181,2
DA:189,1
DA:190,2
DA:191,2
DA:193,2
DA:196,2
DA:199,2
DA:207,57
DA:216,399
DA:222,1
LF:58
LH:55
BRDA:40,0,0,53
BRDA:41,1,0,56
BRDA:42,2,0,56
BRDA:43,3,0,56
BRDA:44,4,0,56
BRDA:45,5,0,57
BRDA:46,6,0,54
BRDA:47,7,0,56
BRDA:67,8,0,59
BRDA:67,8,1,50
BRDA:68,9,0,59
BRDA:68,9,1,50
BRDA:69,10,0,59
BRDA:69,10,1,50
BRDA:70,11,0,59
BRDA:70,11,1,45
BRDA:71,12,0,59
BRDA:71,12,1,50
BRDA:72,13,0,59
BRDA:72,13,1,46
BRDA:73,14,0,59
BRDA:73,14,1,50
BRDA:80,15,0,1
BRDA:87,16,0,1
BRDA:87,16,1,1
BRDA:96,17,0,1
BRDA:103,18,0,1
BRDA:103,18,1,1
BRDA:112,19,0,1
BRDA:119,20,0,1
BRDA:119,20,1,1
BRDA:133,21,0,1
BRDA:133,21,1,1
BRDA:142,22,0,1
BRDA:142,22,1,1
BRDA:172,23,0,1
BRDA:175,24,0,1
BRDA:175,24,1,1
BRDA:181,25,0,1
BRDA:181,25,1,1
BRDA:190,26,0,1
BRDA:193,27,0,1
BRDA:193,27,1,1
BRDA:198,28,0,1
BRDA:199,29,0,1
BRDA:199,29,1,1
BRDA:216,30,0,399
BRDA:216,30,1,399
BRF:48
BRH:48
end_of_record
